mode: set
github.com/boltframe/aftereffects-aep-parser/item.go:47.70,52.12 3 1
github.com/boltframe/aftereffects-aep-parser/item.go:52.12,56.3 3 1
github.com/boltframe/aftereffects-aep-parser/item.go:56.8,58.17 2 1
github.com/boltframe/aftereffects-aep-parser/item.go:58.17,60.4 1 0
github.com/boltframe/aftereffects-aep-parser/item.go:61.3,69.17 5 1
github.com/boltframe/aftereffects-aep-parser/item.go:69.17,71.4 1 0
github.com/boltframe/aftereffects-aep-parser/item.go:72.3,73.17 2 1
github.com/boltframe/aftereffects-aep-parser/item.go:73.17,75.4 1 0
github.com/boltframe/aftereffects-aep-parser/item.go:76.3,77.30 2 1
github.com/boltframe/aftereffects-aep-parser/item.go:78.13,79.34 1 1
github.com/boltframe/aftereffects-aep-parser/item.go:80.13,81.39 1 1
github.com/boltframe/aftereffects-aep-parser/item.go:82.13,83.35 1 1
github.com/boltframe/aftereffects-aep-parser/item.go:88.2,88.23 1 1
github.com/boltframe/aftereffects-aep-parser/item.go:89.22,91.48 2 1
github.com/boltframe/aftereffects-aep-parser/item.go:91.48,93.18 2 1
github.com/boltframe/aftereffects-aep-parser/item.go:93.18,95.5 1 0
github.com/boltframe/aftereffects-aep-parser/item.go:96.4,96.64 1 1
github.com/boltframe/aftereffects-aep-parser/item.go:98.23,100.17 2 1
github.com/boltframe/aftereffects-aep-parser/item.go:100.17,102.4 1 0
github.com/boltframe/aftereffects-aep-parser/item.go:103.3,104.17 2 1
github.com/boltframe/aftereffects-aep-parser/item.go:104.17,106.4 1 0
github.com/boltframe/aftereffects-aep-parser/item.go:107.3,124.17 8 1
github.com/boltframe/aftereffects-aep-parser/item.go:124.17,126.4 1 0
github.com/boltframe/aftereffects-aep-parser/item.go:127.3,129.27 3 1
github.com/boltframe/aftereffects-aep-parser/item.go:130.25,131.112 1 1
github.com/boltframe/aftereffects-aep-parser/item.go:132.31,133.109 1 1
github.com/boltframe/aftereffects-aep-parser/item.go:135.27,152.17 4 1
github.com/boltframe/aftereffects-aep-parser/item.go:152.17,154.4 1 0
github.com/boltframe/aftereffects-aep-parser/item.go:155.3,162.68 6 1
github.com/boltframe/aftereffects-aep-parser/item.go:162.68,164.18 2 1
github.com/boltframe/aftereffects-aep-parser/item.go:164.18,166.5 1 0
github.com/boltframe/aftereffects-aep-parser/item.go:167.4,168.66 2 1
github.com/boltframe/aftereffects-aep-parser/item.go:173.2,175.18 2 1
github.com/boltframe/aftereffects-aep-parser/layer.go:63.73,74.16 4 1
github.com/boltframe/aftereffects-aep-parser/layer.go:74.16,76.3 1 0
github.com/boltframe/aftereffects-aep-parser/layer.go:77.2,97.16 20 1
github.com/boltframe/aftereffects-aep-parser/layer.go:97.16,99.3 1 0
github.com/boltframe/aftereffects-aep-parser/layer.go:100.2,105.59 3 1
github.com/boltframe/aftereffects-aep-parser/layer.go:105.59,107.17 2 1
github.com/boltframe/aftereffects-aep-parser/layer.go:107.17,109.4 1 0
github.com/boltframe/aftereffects-aep-parser/layer.go:110.3,110.41 1 1
github.com/boltframe/aftereffects-aep-parser/layer.go:111.8,113.3 1 1
github.com/boltframe/aftereffects-aep-parser/layer.go:116.2,116.58 1 1
github.com/boltframe/aftereffects-aep-parser/layer.go:116.58,118.17 2 1
github.com/boltframe/aftereffects-aep-parser/layer.go:118.17,120.4 1 0
github.com/boltframe/aftereffects-aep-parser/layer.go:121.3,124.81 2 1
github.com/boltframe/aftereffects-aep-parser/layer.go:124.81,126.4 1 1
github.com/boltframe/aftereffects-aep-parser/layer.go:129.2,129.19 1 1
github.com/boltframe/aftereffects-aep-parser/project.go:31.53,33.16 2 1
github.com/boltframe/aftereffects-aep-parser/project.go:33.16,35.3 1 0
github.com/boltframe/aftereffects-aep-parser/project.go:36.2,37.16 2 1
github.com/boltframe/aftereffects-aep-parser/project.go:37.16,39.3 1 0
github.com/boltframe/aftereffects-aep-parser/project.go:40.2,40.21 1 1
github.com/boltframe/aftereffects-aep-parser/project.go:44.42,46.16 2 1
github.com/boltframe/aftereffects-aep-parser/project.go:46.16,48.3 1 0
github.com/boltframe/aftereffects-aep-parser/project.go:49.2,49.22 1 1
github.com/boltframe/aftereffects-aep-parser/project.go:53.54,59.16 4 1
github.com/boltframe/aftereffects-aep-parser/project.go:59.16,61.3 1 1
github.com/boltframe/aftereffects-aep-parser/project.go:64.2,69.55 3 1
github.com/boltframe/aftereffects-aep-parser/project.go:69.55,69.82 1 1
github.com/boltframe/aftereffects-aep-parser/project.go:70.2,70.16 1 1
github.com/boltframe/aftereffects-aep-parser/project.go:70.16,72.3 1 0
github.com/boltframe/aftereffects-aep-parser/project.go:73.2,78.16 4 1
github.com/boltframe/aftereffects-aep-parser/project.go:78.16,80.3 1 0
github.com/boltframe/aftereffects-aep-parser/project.go:81.2,82.16 2 1
github.com/boltframe/aftereffects-aep-parser/project.go:82.16,84.3 1 0
github.com/boltframe/aftereffects-aep-parser/project.go:85.2,88.37 2 1
github.com/boltframe/aftereffects-aep-parser/project.go:88.37,89.43 1 1
github.com/boltframe/aftereffects-aep-parser/project.go:89.43,90.49 1 1
github.com/boltframe/aftereffects-aep-parser/project.go:90.49,91.25 1 1
github.com/boltframe/aftereffects-aep-parser/project.go:91.25,93.6 1 1
github.com/boltframe/aftereffects-aep-parser/project.go:98.2,98.21 1 1
github.com/boltframe/aftereffects-aep-parser/property.go:39.43,40.11 1 0
github.com/boltframe/aftereffects-aep-parser/property.go:41.27,42.19 1 0
github.com/boltframe/aftereffects-aep-parser/property.go:43.24,44.16 1 0
github.com/boltframe/aftereffects-aep-parser/property.go:45.24,46.16 1 0
github.com/boltframe/aftereffects-aep-parser/property.go:47.26,48.18 1 0
github.com/boltframe/aftereffects-aep-parser/property.go:49.25,50.17 1 0
github.com/boltframe/aftereffects-aep-parser/property.go:51.25,52.17 1 0
github.com/boltframe/aftereffects-aep-parser/property.go:53.31,54.23 1 0
github.com/boltframe/aftereffects-aep-parser/property.go:55.26,56.18 1 0
github.com/boltframe/aftereffects-aep-parser/property.go:57.25,58.17 1 0
github.com/boltframe/aftereffects-aep-parser/property.go:59.10,60.18 1 0
github.com/boltframe/aftereffects-aep-parser/property.go:80.79,88.19 6 1
github.com/boltframe/aftereffects-aep-parser/property.go:89.28,90.24 1 1
github.com/boltframe/aftereffects-aep-parser/property.go:94.2,94.25 1 1
github.com/boltframe/aftereffects-aep-parser/property.go:95.18,100.42 4 1
github.com/boltframe/aftereffects-aep-parser/property.go:100.42,102.18 2 1
github.com/boltframe/aftereffects-aep-parser/property.go:102.18,105.5 2 1
github.com/boltframe/aftereffects-aep-parser/property.go:109.3,109.36 1 1
github.com/boltframe/aftereffects-aep-parser/property.go:109.36,112.18 3 1
github.com/boltframe/aftereffects-aep-parser/property.go:112.18,114.5 1 1
github.com/boltframe/aftereffects-aep-parser/property.go:115.4,116.18 2 1
github.com/boltframe/aftereffects-aep-parser/property.go:116.18,120.19 2 1
github.com/boltframe/aftereffects-aep-parser/property.go:120.19,125.27 2 1
github.com/boltframe/aftereffects-aep-parser/property.go:125.27,127.7 1 1
github.com/boltframe/aftereffects-aep-parser/property.go:130.4,132.43 3 1
github.com/boltframe/aftereffects-aep-parser/property.go:132.43,134.17 1 1
github.com/boltframe/aftereffects-aep-parser/property.go:134.17,135.14 1 1
github.com/boltframe/aftereffects-aep-parser/property.go:137.5,138.19 2 1
github.com/boltframe/aftereffects-aep-parser/property.go:138.19,141.6 2 1
github.com/boltframe/aftereffects-aep-parser/property.go:144.21,145.50 1 1
github.com/boltframe/aftereffects-aep-parser/property.go:145.50,146.44 1 1
github.com/boltframe/aftereffects-aep-parser/property.go:146.44,147.23 1 1
github.com/boltframe/aftereffects-aep-parser/property.go:148.17,150.49 2 1
github.com/boltframe/aftereffects-aep-parser/property.go:150.49,152.7 1 0
github.com/boltframe/aftereffects-aep-parser/property.go:152.12,152.33 1 1
github.com/boltframe/aftereffects-aep-parser/property.go:152.33,154.7 1 1
github.com/boltframe/aftereffects-aep-parser/property.go:156.6,156.96 1 1
github.com/boltframe/aftereffects-aep-parser/property.go:156.96,158.7 1 0
github.com/boltframe/aftereffects-aep-parser/property.go:159.17,162.35 3 1
github.com/boltframe/aftereffects-aep-parser/property.go:162.35,164.7 1 1
github.com/boltframe/aftereffects-aep-parser/property.go:165.6,166.24 2 1
github.com/boltframe/aftereffects-aep-parser/property.go:166.24,168.7 1 1
github.com/boltframe/aftereffects-aep-parser/property.go:169.17,172.119 2 0
github.com/boltframe/aftereffects-aep-parser/property.go:172.119,173.30 1 0
github.com/boltframe/aftereffects-aep-parser/property.go:173.30,175.8 1 0
github.com/boltframe/aftereffects-aep-parser/property.go:177.17,179.45 1 0
github.com/boltframe/aftereffects-aep-parser/property.go:179.45,181.7 1 0
github.com/boltframe/aftereffects-aep-parser/property.go:187.2,187.18 1 1
github.com/boltframe/aftereffects-aep-parser/property.go:190.66,193.17 3 1
github.com/boltframe/aftereffects-aep-parser/property.go:193.17,196.37 3 1
github.com/boltframe/aftereffects-aep-parser/property.go:196.37,197.28 1 1
github.com/boltframe/aftereffects-aep-parser/property.go:197.28,199.84 2 1
github.com/boltframe/aftereffects-aep-parser/property.go:199.84,201.14 2 1
github.com/boltframe/aftereffects-aep-parser/property.go:203.5,205.15 3 1
github.com/boltframe/aftereffects-aep-parser/property.go:206.10,206.51 1 1
github.com/boltframe/aftereffects-aep-parser/property.go:206.51,207.31 1 1
github.com/boltframe/aftereffects-aep-parser/property.go:207.31,209.6 1 1
github.com/boltframe/aftereffects-aep-parser/property.go:210.5,210.30 1 1
github.com/boltframe/aftereffects-aep-parser/property.go:211.21,212.59 1 1
github.com/boltframe/aftereffects-aep-parser/property.go:213.13,214.54 1 1
github.com/boltframe/aftereffects-aep-parser/property.go:219.2,219.26 1 1
github.com/boltframe/aftereffects-aep-parser/property.go:222.79,225.41 3 1
github.com/boltframe/aftereffects-aep-parser/property.go:225.41,227.3 1 1
github.com/boltframe/aftereffects-aep-parser/property.go:228.2,228.28 1 1
github.com/boltframe/aftereffects-aep-parser/text_parser.go:33.72,34.25 1 1
github.com/boltframe/aftereffects-aep-parser/text_parser.go:34.25,36.3 1 0
github.com/boltframe/aftereffects-aep-parser/text_parser.go:38.2,47.67 2 1
github.com/boltframe/aftereffects-aep-parser/text_parser.go:47.67,49.3 1 0
github.com/boltframe/aftereffects-aep-parser/text_parser.go:52.2,52.20 1 1
github.com/boltframe/aftereffects-aep-parser/text_parser.go:52.20,53.49 1 1
github.com/boltframe/aftereffects-aep-parser/text_parser.go:53.49,54.47 1 1
github.com/boltframe/aftereffects-aep-parser/text_parser.go:54.47,56.31 1 1
github.com/boltframe/aftereffects-aep-parser/text_parser.go:56.31,58.20 2 0
github.com/boltframe/aftereffects-aep-parser/text_parser.go:58.20,60.12 2 0
github.com/boltframe/aftereffects-aep-parser/text_parser.go:65.5,65.81 1 1
github.com/boltframe/aftereffects-aep-parser/text_parser.go:65.81,66.11 1 0
github.com/boltframe/aftereffects-aep-parser/text_parser.go:70.5,70.66 1 1
github.com/boltframe/aftereffects-aep-parser/text_parser.go:70.66,72.11 2 0
github.com/boltframe/aftereffects-aep-parser/text_parser.go:76.5,76.23 1 1
github.com/boltframe/aftereffects-aep-parser/text_parser.go:76.23,78.6 1 1
github.com/boltframe/aftereffects-aep-parser/text_parser.go:79.5,79.10 1 1
github.com/boltframe/aftereffects-aep-parser/text_parser.go:84.2,84.17 1 1
github.com/boltframe/aftereffects-aep-parser/text_parser.go:88.71,89.17 1 1
github.com/boltframe/aftereffects-aep-parser/text_parser.go:89.17,91.3 1 0
github.com/boltframe/aftereffects-aep-parser/text_parser.go:94.2,94.24 1 1
github.com/boltframe/aftereffects-aep-parser/text_parser.go:95.28,97.54 1 1
github.com/boltframe/aftereffects-aep-parser/text_parser.go:97.54,99.4 1 0
github.com/boltframe/aftereffects-aep-parser/text_parser.go:101.26,103.52 1 0
github.com/boltframe/aftereffects-aep-parser/text_parser.go:103.52,105.4 1 0
github.com/boltframe/aftereffects-aep-parser/text_parser.go:107.30,109.41 1 1
github.com/boltframe/aftereffects-aep-parser/text_parser.go:109.41,110.62 1 1
github.com/boltframe/aftereffects-aep-parser/text_parser.go:110.62,112.5 1 0
github.com/boltframe/aftereffects-aep-parser/text_parser.go:115.29,115.29 0 0
github.com/boltframe/aftereffects-aep-parser/text_parser.go:119.10,121.41 1 1
github.com/boltframe/aftereffects-aep-parser/text_parser.go:121.41,122.62 1 0
github.com/boltframe/aftereffects-aep-parser/text_parser.go:122.62,124.5 1 0
github.com/boltframe/aftereffects-aep-parser/text_parser.go:129.2,130.60 1 1
github.com/boltframe/aftereffects-aep-parser/text_parser.go:130.60,133.3 1 1
github.com/boltframe/aftereffects-aep-parser/text_parser.go:135.2,135.12 1 1
github.com/boltframe/aftereffects-aep-parser/text_parser.go:139.65,146.48 1 1
github.com/boltframe/aftereffects-aep-parser/text_parser.go:146.48,149.3 2 0
github.com/boltframe/aftereffects-aep-parser/text_parser.go:152.2,152.27 1 1
github.com/boltframe/aftereffects-aep-parser/text_parser.go:152.27,154.17 2 0
github.com/boltframe/aftereffects-aep-parser/text_parser.go:154.17,157.4 2 0
github.com/boltframe/aftereffects-aep-parser/text_parser.go:161.2,161.40 1 1
github.com/boltframe/aftereffects-aep-parser/text_parser.go:161.40,163.47 1 0
github.com/boltframe/aftereffects-aep-parser/text_parser.go:163.47,165.30 1 0
github.com/boltframe/aftereffects-aep-parser/text_parser.go:165.30,168.37 2 0
github.com/boltframe/aftereffects-aep-parser/text_parser.go:168.37,171.6 2 0
github.com/boltframe/aftereffects-aep-parser/text_parser.go:176.2,176.12 1 1
github.com/boltframe/aftereffects-aep-parser/text_parser.go:180.63,184.93 1 0
github.com/boltframe/aftereffects-aep-parser/text_parser.go:184.93,188.3 2 0
github.com/boltframe/aftereffects-aep-parser/text_parser.go:191.2,191.33 1 0
github.com/boltframe/aftereffects-aep-parser/text_parser.go:191.33,194.3 2 0
github.com/boltframe/aftereffects-aep-parser/text_parser.go:197.2,197.27 1 0
github.com/boltframe/aftereffects-aep-parser/text_parser.go:197.27,199.17 2 0
github.com/boltframe/aftereffects-aep-parser/text_parser.go:199.17,202.4 2 0
github.com/boltframe/aftereffects-aep-parser/text_parser.go:205.2,205.12 1 0
github.com/boltframe/aftereffects-aep-parser/text_parser.go:209.59,213.52 1 1
github.com/boltframe/aftereffects-aep-parser/text_parser.go:213.52,217.25 1 0
github.com/boltframe/aftereffects-aep-parser/text_parser.go:217.25,219.22 1 0
github.com/boltframe/aftereffects-aep-parser/text_parser.go:219.22,221.5 1 0
github.com/boltframe/aftereffects-aep-parser/text_parser.go:226.2,226.48 1 1
github.com/boltframe/aftereffects-aep-parser/text_parser.go:226.48,227.21 1 0
github.com/boltframe/aftereffects-aep-parser/text_parser.go:227.21,229.4 1 0
github.com/boltframe/aftereffects-aep-parser/text_parser.go:233.2,233.45 1 1
github.com/boltframe/aftereffects-aep-parser/text_parser.go:233.45,238.53 3 0
github.com/boltframe/aftereffects-aep-parser/text_parser.go:238.53,240.4 1 0
github.com/boltframe/aftereffects-aep-parser/text_parser.go:245.80,248.2 1 0
github.com/boltframe/aftereffects-aep-parser/text_parser.go:251.72,254.37 2 0
github.com/boltframe/aftereffects-aep-parser/text_parser.go:254.37,255.43 1 0
github.com/boltframe/aftereffects-aep-parser/text_parser.go:255.43,258.49 2 0
github.com/boltframe/aftereffects-aep-parser/text_parser.go:258.49,259.26 1 0
github.com/boltframe/aftereffects-aep-parser/text_parser.go:259.26,262.34 2 0
github.com/boltframe/aftereffects-aep-parser/text_parser.go:262.34,264.25 1 0
github.com/boltframe/aftereffects-aep-parser/text_parser.go:264.25,268.72 1 0
github.com/boltframe/aftereffects-aep-parser/text_parser.go:268.72,270.9 1 0
github.com/boltframe/aftereffects-aep-parser/text_parser.go:272.7,272.41 1 0
github.com/boltframe/aftereffects-aep-parser/text_parser.go:277.4,277.26 1 0
github.com/boltframe/aftereffects-aep-parser/text_parser.go:277.26,279.5 1 0
github.com/boltframe/aftereffects-aep-parser/text_parser.go:283.2,283.19 1 0
github.com/boltframe/aftereffects-aep-parser/text_parser.go:287.58,297.19 1 0
github.com/boltframe/aftereffects-aep-parser/text_parser.go:297.19,299.3 1 0
github.com/boltframe/aftereffects-aep-parser/text_parser.go:304.2,304.12 1 0
github.com/boltframe/aftereffects-aep-parser/text_parser.go:308.52,320.2 6 0
github.com/boltframe/aftereffects-aep-parser/text_parser.go:325.60,327.27 1 1
github.com/boltframe/aftereffects-aep-parser/text_parser.go:327.27,328.72 1 0
github.com/boltframe/aftereffects-aep-parser/text_parser.go:328.72,330.4 1 0
github.com/boltframe/aftereffects-aep-parser/text_parser.go:334.2,334.40 1 1
github.com/boltframe/aftereffects-aep-parser/text_parser.go:334.40,335.64 1 0
github.com/boltframe/aftereffects-aep-parser/text_parser.go:335.64,337.4 1 0
github.com/boltframe/aftereffects-aep-parser/text_parser.go:340.2,340.11 1 1
github.com/boltframe/aftereffects-aep-parser/text_parser.go:344.58,345.19 1 0
github.com/boltframe/aftereffects-aep-parser/text_parser.go:345.19,347.3 1 0
github.com/boltframe/aftereffects-aep-parser/text_parser.go:352.2,352.56 1 0
github.com/boltframe/aftereffects-aep-parser/text_parser.go:352.56,354.3 1 0
github.com/boltframe/aftereffects-aep-parser/text_parser.go:357.2,357.55 1 0
github.com/boltframe/aftereffects-aep-parser/text_parser.go:357.55,359.3 1 0
github.com/boltframe/aftereffects-aep-parser/text_parser.go:362.2,362.67 1 0
github.com/boltframe/aftereffects-aep-parser/text_parser.go:362.67,364.3 1 0
github.com/boltframe/aftereffects-aep-parser/text_parser.go:367.2,367.63 1 0
github.com/boltframe/aftereffects-aep-parser/text_parser.go:367.63,369.3 1 0
github.com/boltframe/aftereffects-aep-parser/text_parser.go:371.2,371.11 1 0
github.com/boltframe/aftereffects-aep-parser/text_parser.go:375.51,377.35 1 0
github.com/boltframe/aftereffects-aep-parser/text_parser.go:377.35,379.77 1 0
github.com/boltframe/aftereffects-aep-parser/text_parser.go:379.77,382.40 2 0
github.com/boltframe/aftereffects-aep-parser/text_parser.go:382.40,383.39 1 0
github.com/boltframe/aftereffects-aep-parser/text_parser.go:383.39,385.11 2 0
github.com/boltframe/aftereffects-aep-parser/text_parser.go:389.4,389.17 1 0
github.com/boltframe/aftereffects-aep-parser/text_parser.go:389.17,393.34 3 0
github.com/boltframe/aftereffects-aep-parser/text_parser.go:393.34,395.6 1 0
github.com/boltframe/aftereffects-aep-parser/text_parser.go:400.2,400.11 1 0
github.com/boltframe/aftereffects-aep-parser/text_parser.go:404.50,406.33 1 0
github.com/boltframe/aftereffects-aep-parser/text_parser.go:406.33,407.27 1 0
github.com/boltframe/aftereffects-aep-parser/text_parser.go:407.27,409.37 1 0
github.com/boltframe/aftereffects-aep-parser/text_parser.go:409.37,410.30 1 0
github.com/boltframe/aftereffects-aep-parser/text_parser.go:410.30,413.35 3 0
github.com/boltframe/aftereffects-aep-parser/text_parser.go:413.35,415.7 1 0
github.com/boltframe/aftereffects-aep-parser/text_parser.go:421.2,421.11 1 0
github.com/boltframe/aftereffects-aep-parser/text_parser.go:425.62,426.35 1 0
github.com/boltframe/aftereffects-aep-parser/text_parser.go:426.35,428.38 1 0
github.com/boltframe/aftereffects-aep-parser/text_parser.go:428.38,430.37 2 0
github.com/boltframe/aftereffects-aep-parser/text_parser.go:430.37,432.34 2 0
github.com/boltframe/aftereffects-aep-parser/text_parser.go:432.34,434.6 1 0
github.com/boltframe/aftereffects-aep-parser/text_parser.go:439.2,439.11 1 0
github.com/boltframe/aftereffects-aep-parser/text_parser.go:443.58,454.33 2 0
github.com/boltframe/aftereffects-aep-parser/text_parser.go:454.33,456.48 2 0
github.com/boltframe/aftereffects-aep-parser/text_parser.go:456.48,461.46 2 0
github.com/boltframe/aftereffects-aep-parser/text_parser.go:461.46,463.5 1 0
github.com/boltframe/aftereffects-aep-parser/text_parser.go:465.4,465.27 1 0
github.com/boltframe/aftereffects-aep-parser/text_parser.go:465.27,468.19 2 0
github.com/boltframe/aftereffects-aep-parser/text_parser.go:468.19,470.6 1 0
github.com/boltframe/aftereffects-aep-parser/text_parser.go:475.2,475.11 1 0
github.com/boltframe/aftereffects-aep-parser/text_parser.go:479.55,480.20 1 0
github.com/boltframe/aftereffects-aep-parser/text_parser.go:480.20,482.3 1 0
github.com/boltframe/aftereffects-aep-parser/text_parser.go:485.2,485.22 1 0
github.com/boltframe/aftereffects-aep-parser/text_parser.go:485.22,487.32 2 0
github.com/boltframe/aftereffects-aep-parser/text_parser.go:487.32,489.4 1 0
github.com/boltframe/aftereffects-aep-parser/text_parser.go:493.2,496.33 3 0
github.com/boltframe/aftereffects-aep-parser/text_parser.go:496.33,497.35 1 0
github.com/boltframe/aftereffects-aep-parser/text_parser.go:497.35,498.15 1 0
github.com/boltframe/aftereffects-aep-parser/text_parser.go:498.15,500.5 1 0
github.com/boltframe/aftereffects-aep-parser/text_parser.go:501.4,501.36 1 0
github.com/boltframe/aftereffects-aep-parser/text_parser.go:502.9,502.39 1 0
github.com/boltframe/aftereffects-aep-parser/text_parser.go:502.39,505.33 2 0
github.com/boltframe/aftereffects-aep-parser/text_parser.go:505.33,507.5 1 0
github.com/boltframe/aftereffects-aep-parser/text_parser.go:508.4,509.18 2 0
github.com/boltframe/aftereffects-aep-parser/text_parser.go:510.9,510.20 1 0
github.com/boltframe/aftereffects-aep-parser/text_parser.go:510.20,513.4 2 0
github.com/boltframe/aftereffects-aep-parser/text_parser.go:517.2,517.21 1 0
github.com/boltframe/aftereffects-aep-parser/text_parser.go:517.21,519.32 2 0
github.com/boltframe/aftereffects-aep-parser/text_parser.go:519.32,521.4 1 0
github.com/boltframe/aftereffects-aep-parser/text_parser.go:524.2,524.11 1 0
github.com/boltframe/aftereffects-aep-parser/text_parser.go:529.48,530.22 1 0
github.com/boltframe/aftereffects-aep-parser/text_parser.go:530.22,532.3 1 0
github.com/boltframe/aftereffects-aep-parser/text_parser.go:534.2,535.36 2 0
github.com/boltframe/aftereffects-aep-parser/text_parser.go:535.36,537.26 2 0
github.com/boltframe/aftereffects-aep-parser/text_parser.go:537.26,539.4 1 0
github.com/boltframe/aftereffects-aep-parser/text_parser.go:542.2,542.22 1 0
github.com/boltframe/aftereffects-aep-parser/text_parser.go:545.39,547.2 1 0
github.com/boltframe/aftereffects-aep-parser/text_parser.go:549.47,556.22 4 0
github.com/boltframe/aftereffects-aep-parser/text_parser.go:556.22,557.53 1 0
github.com/boltframe/aftereffects-aep-parser/text_parser.go:557.53,559.4 1 0
github.com/boltframe/aftereffects-aep-parser/text_parser.go:562.2,562.23 1 0
github.com/boltframe/aftereffects-aep-parser/text_parser.go:565.41,566.16 1 0
github.com/boltframe/aftereffects-aep-parser/text_parser.go:566.16,568.3 1 0
github.com/boltframe/aftereffects-aep-parser/text_parser.go:572.2,577.30 1 0
github.com/boltframe/aftereffects-aep-parser/text_parser.go:577.30,579.3 1 0
github.com/boltframe/aftereffects-aep-parser/text_parser.go:582.2,583.22 2 0
github.com/boltframe/aftereffects-aep-parser/text_parser.go:583.22,584.26 1 0
github.com/boltframe/aftereffects-aep-parser/text_parser.go:584.26,586.4 1 0
github.com/boltframe/aftereffects-aep-parser/text_parser.go:590.2,590.54 1 0
github.com/boltframe/aftereffects-aep-parser/text_parser.go:594.50,595.19 1 0
github.com/boltframe/aftereffects-aep-parser/text_parser.go:595.19,597.3 1 0
github.com/boltframe/aftereffects-aep-parser/text_parser.go:602.2,602.48 1 0
github.com/boltframe/aftereffects-aep-parser/text_parser.go:602.48,604.3 1 0
github.com/boltframe/aftereffects-aep-parser/text_parser.go:607.2,607.47 1 0
github.com/boltframe/aftereffects-aep-parser/text_parser.go:607.47,609.3 1 0
github.com/boltframe/aftereffects-aep-parser/text_parser.go:612.2,612.59 1 0
github.com/boltframe/aftereffects-aep-parser/text_parser.go:612.59,614.3 1 0
github.com/boltframe/aftereffects-aep-parser/text_parser.go:617.2,617.55 1 0
github.com/boltframe/aftereffects-aep-parser/text_parser.go:617.55,619.3 1 0
github.com/boltframe/aftereffects-aep-parser/text_parser.go:621.2,621.11 1 0
github.com/boltframe/aftereffects-aep-parser/text_parser.go:625.47,626.20 1 0
github.com/boltframe/aftereffects-aep-parser/text_parser.go:626.20,628.3 1 0
github.com/boltframe/aftereffects-aep-parser/text_parser.go:631.2,631.22 1 0
github.com/boltframe/aftereffects-aep-parser/text_parser.go:631.22,633.24 2 0
github.com/boltframe/aftereffects-aep-parser/text_parser.go:633.24,635.4 1 0
github.com/boltframe/aftereffects-aep-parser/text_parser.go:639.2,642.33 3 0
github.com/boltframe/aftereffects-aep-parser/text_parser.go:642.33,643.27 1 0
github.com/boltframe/aftereffects-aep-parser/text_parser.go:643.27,644.15 1 0
github.com/boltframe/aftereffects-aep-parser/text_parser.go:644.15,646.5 1 0
github.com/boltframe/aftereffects-aep-parser/text_parser.go:647.4,647.36 1 0
github.com/boltframe/aftereffects-aep-parser/text_parser.go:648.9,648.39 1 0
github.com/boltframe/aftereffects-aep-parser/text_parser.go:648.39,651.25 2 0
github.com/boltframe/aftereffects-aep-parser/text_parser.go:651.25,653.5 1 0
github.com/boltframe/aftereffects-aep-parser/text_parser.go:654.4,655.18 2 0
github.com/boltframe/aftereffects-aep-parser/text_parser.go:656.9,656.20 1 0
github.com/boltframe/aftereffects-aep-parser/text_parser.go:656.20,659.4 2 0
github.com/boltframe/aftereffects-aep-parser/text_parser.go:663.2,663.21 1 0
github.com/boltframe/aftereffects-aep-parser/text_parser.go:663.21,665.24 2 0
github.com/boltframe/aftereffects-aep-parser/text_parser.go:665.24,667.4 1 0
github.com/boltframe/aftereffects-aep-parser/text_parser.go:670.2,670.11 1 0
github.com/boltframe/aftereffects-aep-parser/text_parser.go:674.43,676.35 1 0
github.com/boltframe/aftereffects-aep-parser/text_parser.go:676.35,678.77 1 0
github.com/boltframe/aftereffects-aep-parser/text_parser.go:678.77,681.40 2 0
github.com/boltframe/aftereffects-aep-parser/text_parser.go:681.40,682.39 1 0
github.com/boltframe/aftereffects-aep-parser/text_parser.go:682.39,684.11 2 0
github.com/boltframe/aftereffects-aep-parser/text_parser.go:688.4,688.17 1 0
github.com/boltframe/aftereffects-aep-parser/text_parser.go:688.17,692.26 3 0
github.com/boltframe/aftereffects-aep-parser/text_parser.go:692.26,694.6 1 0
github.com/boltframe/aftereffects-aep-parser/text_parser.go:699.2,699.11 1 0
github.com/boltframe/aftereffects-aep-parser/text_parser.go:703.42,705.33 1 0
github.com/boltframe/aftereffects-aep-parser/text_parser.go:705.33,706.27 1 0
github.com/boltframe/aftereffects-aep-parser/text_parser.go:706.27,708.37 1 0
github.com/boltframe/aftereffects-aep-parser/text_parser.go:708.37,709.30 1 0
github.com/boltframe/aftereffects-aep-parser/text_parser.go:709.30,712.27 3 0
github.com/boltframe/aftereffects-aep-parser/text_parser.go:712.27,714.7 1 0
github.com/boltframe/aftereffects-aep-parser/text_parser.go:720.2,720.11 1 0
github.com/boltframe/aftereffects-aep-parser/text_parser.go:724.54,725.35 1 0
github.com/boltframe/aftereffects-aep-parser/text_parser.go:725.35,727.38 1 0
github.com/boltframe/aftereffects-aep-parser/text_parser.go:727.38,729.15 2 0
github.com/boltframe/aftereffects-aep-parser/text_parser.go:729.15,731.26 2 0
github.com/boltframe/aftereffects-aep-parser/text_parser.go:731.26,733.6 1 0
github.com/boltframe/aftereffects-aep-parser/text_parser.go:738.2,738.11 1 0
github.com/boltframe/aftereffects-aep-parser/text_parser.go:742.50,752.33 2 0
github.com/boltframe/aftereffects-aep-parser/text_parser.go:752.33,754.48 2 0
github.com/boltframe/aftereffects-aep-parser/text_parser.go:754.48,759.46 2 0
github.com/boltframe/aftereffects-aep-parser/text_parser.go:759.46,761.5 1 0
github.com/boltframe/aftereffects-aep-parser/text_parser.go:763.4,763.27 1 0
github.com/boltframe/aftereffects-aep-parser/text_parser.go:763.27,765.19 2 0
github.com/boltframe/aftereffects-aep-parser/text_parser.go:765.19,767.6 1 0
github.com/boltframe/aftereffects-aep-parser/text_parser.go:772.2,772.11 1 0
github.com/boltframe/aftereffects-aep-parser/text_parser.go:777.40,778.22 1 0
github.com/boltframe/aftereffects-aep-parser/text_parser.go:778.22,780.3 1 0
github.com/boltframe/aftereffects-aep-parser/text_parser.go:782.2,783.36 2 0
github.com/boltframe/aftereffects-aep-parser/text_parser.go:783.36,785.12 2 0
github.com/boltframe/aftereffects-aep-parser/text_parser.go:785.12,787.4 1 0
github.com/boltframe/aftereffects-aep-parser/text_parser.go:790.2,790.22 1 0
github.com/boltframe/aftereffects-aep-parser/text_parser.go:793.31,795.2 1 0
github.com/boltframe/aftereffects-aep-parser/text_parser.go:797.39,804.22 4 0
github.com/boltframe/aftereffects-aep-parser/text_parser.go:804.22,805.53 1 0
github.com/boltframe/aftereffects-aep-parser/text_parser.go:805.53,807.4 1 0
github.com/boltframe/aftereffects-aep-parser/text_parser.go:810.2,810.23 1 0
github.com/boltframe/aftereffects-aep-parser/text_parser.go:813.33,814.16 1 0
github.com/boltframe/aftereffects-aep-parser/text_parser.go:814.16,816.3 1 0
github.com/boltframe/aftereffects-aep-parser/text_parser.go:820.2,824.30 1 0
github.com/boltframe/aftereffects-aep-parser/text_parser.go:824.30,826.3 1 0
github.com/boltframe/aftereffects-aep-parser/text_parser.go:829.2,830.22 2 0
github.com/boltframe/aftereffects-aep-parser/text_parser.go:830.22,831.26 1 0
github.com/boltframe/aftereffects-aep-parser/text_parser.go:831.26,833.4 1 0
github.com/boltframe/aftereffects-aep-parser/text_parser.go:837.2,837.54 1 0
